<?xml version="1.0" encoding="UTF-8" ?>
<testsuite tests="3" failures="1" name="testing.TestNGBasics" time="0.65" errors="0" skipped="2">
  <properties>
[...]
</properties>
  <testcase classname="testing.TestNGBasics" name="setUp" time="0.649">
    <failure message="Unable to load credentials from system settings. Secret key must be specified either via environment variable (AWS_SECRET_ACCESS_KEY) or system property (aws.secretAccessKey)." type="software.amazon.awssdk.core.exception.SdkClientException">software.amazon.awssdk.core.exception.SdkClientException: Unable to load credentials from system settings. Secret key must be specified either via environment variable (AWS_SECRET_ACCESS_KEY) or system property (aws.secretAccessKey).
	at software.amazon.awssdk.core.exception.SdkClientException$BuilderImpl.build(SdkClientException.java:97)
	at software.amazon.awssdk.auth.credentials.internal.SystemSettingsCredentialsProvider.resolveCredentials(SystemSettingsCredentialsProvider.java:67)
	at software.amazon.awssdk.awscore.client.handler.AwsClientHandlerUtils.createExecutionContext(AwsClientHandlerUtils.java:72)
	at software.amazon.awssdk.awscore.client.handler.AwsSyncClientHandler.createExecutionContext(AwsSyncClientHandler.java:68)
	at software.amazon.awssdk.core.internal.handler.BaseSyncClientHandler.execute(BaseSyncClientHandler.java:88)
	at software.amazon.awssdk.core.client.handler.SdkSyncClientHandler.execute(SdkSyncClientHandler.java:45)
	at software.amazon.awssdk.awscore.client.handler.AwsSyncClientHandler.execute(AwsSyncClientHandler.java:55)
	at software.amazon.awssdk.services.devicefarm.DefaultDeviceFarmClient.createTestGridUrl(DefaultDeviceFarmClient.java:633)
	at testing.TestNGBasics.setUp(TestNGBasics.java:33)
</failure>
    <system-out>Configuring TestNG with: org.apache.maven.surefire.testng.conf.TestNG652Configurator@9a7504c
</system-out>
  </testcase>
  <testcase classname="testing.TestNGBasics" name="userLogin" time="0">
    <skipped/>
  </testcase>
  <testcase classname="testing.TestNGBasics" name="tearDown" time="0.001">
    <skipped/>
  </testcase>
</testsuite>