<?xml version="1.0" encoding="UTF-8"?>
<testng-results ignored="0" total="1" passed="1" failed="0" skipped="0">
  <reporter-output>
  </reporter-output>
  <suite started-at="2021-03-17T06:15:46 CDT" name="Default suite" finished-at="2021-03-17T06:16:45 CDT" duration-ms="59025">
    <groups>
    </groups>
    <test started-at="2021-03-17T06:15:46 CDT" name="Default test" finished-at="2021-03-17T06:16:45 CDT" duration-ms="59025">
      <class name="testing.TestNGBasics">
        <test-method is-config="true" signature="setUp()[pri:0, instance:testing.TestNGBasics@51dcb805]" started-at="2021-03-17T06:15:46 CDT" name="setUp" finished-at="2021-03-17T06:16:30 CDT" duration-ms="44317" status="PASS">
          <reporter-output>
          </reporter-output>
        </test-method> <!-- setUp -->
        <test-method signature="userLogin()[pri:0, instance:testing.TestNGBasics@51dcb805]" started-at="2021-03-17T06:16:31 CDT" name="userLogin" finished-at="2021-03-17T06:16:35 CDT" duration-ms="4327" status="PASS">
          <reporter-output>
          </reporter-output>
        </test-method> <!-- userLogin -->
        <test-method is-config="true" signature="tearDown()[pri:0, instance:testing.TestNGBasics@51dcb805]" started-at="2021-03-17T06:16:35 CDT" name="tearDown" finished-at="2021-03-17T06:16:45 CDT" duration-ms="10233" status="PASS">
          <reporter-output>
          </reporter-output>
        </test-method> <!-- tearDown -->
      </class> <!-- testing.TestNGBasics -->
    </test> <!-- Default test -->
  </suite> <!-- Default suite -->
</testng-results>
